<?xml version="1.0" encoding="UTF-8"?>
<robot generator="Robot 7.2.2 (Python 3.13.3 on win32)" generated="2025-05-06T23:22:39.937539" rpa="false" schemaversion="5">
<suite id="s1" name="Login Steps" source="d:\Trampo\Projetos Python\projeto_robot\test\login_steps.robot">
<kw name="Open Browser" owner="SeleniumLibrary" type="SETUP">
<msg time="2025-05-06T23:22:40.381992" level="INFO">Opening browser 'edge' to base url 'None'.</msg>
<arg>browser=edge</arg>
<doc>Opens a new browser instance to the optional ``url``.</doc>
<status status="PASS" start="2025-05-06T23:22:40.381478" elapsed="1.311556"/>
</kw>
<test id="s1-t1" name="Successful Login" line="12">
<kw name="I nagivate to the login page" owner="login_keywords">
<kw name="Go To" owner="SeleniumLibrary">
<msg time="2025-05-06T23:22:41.696042" level="INFO">Opening url 'https://www.saucedemo.com'</msg>
<arg>${URL}</arg>
<doc>Navigates the current browser window to the provided ``url``.</doc>
<status status="PASS" start="2025-05-06T23:22:41.695712" elapsed="0.593984"/>
</kw>
<arg>${URL}</arg>
<status status="PASS" start="2025-05-06T23:22:41.694984" elapsed="0.595147"/>
</kw>
<kw name="I Input correct Credentials" owner="login_keywords">
<kw name="Wait Until Element Is Visible" owner="SeleniumLibrary">
<arg>id=user-name</arg>
<doc>Waits until the element ``locator`` is visible.</doc>
<status status="PASS" start="2025-05-06T23:22:42.292992" elapsed="0.028168"/>
</kw>
<kw name="Input Text" owner="SeleniumLibrary">
<msg time="2025-05-06T23:22:42.322109" level="INFO">Typing text 'standard_user' into text field 'id=user-name'.</msg>
<arg>id=user-name</arg>
<arg>${LOGIN_DATA["correctData"]["username"]}</arg>
<doc>Types the given ``text`` into the text field identified by ``locator``.</doc>
<status status="PASS" start="2025-05-06T23:22:42.321424" elapsed="0.150805"/>
</kw>
<kw name="Input Text" owner="SeleniumLibrary">
<msg time="2025-05-06T23:22:42.473491" level="INFO">Typing text 'secret_sauce' into text field 'id=password'.</msg>
<arg>id=password</arg>
<arg>${LOGIN_DATA["correctData"]["password"]}</arg>
<doc>Types the given ``text`` into the text field identified by ``locator``.</doc>
<status status="PASS" start="2025-05-06T23:22:42.472660" elapsed="0.098520"/>
</kw>
<status status="PASS" start="2025-05-06T23:22:42.291578" elapsed="0.279947"/>
</kw>
<kw name="I Click on the Login Button" owner="login_keywords">
<kw name="Click Button" owner="SeleniumLibrary">
<msg time="2025-05-06T23:22:42.573267" level="INFO">Clicking button 'id=login-button'.</msg>
<arg>id=login-button</arg>
<doc>Clicks the button identified by ``locator``.</doc>
<status status="PASS" start="2025-05-06T23:22:42.572803" elapsed="0.211285"/>
</kw>
<status status="PASS" start="2025-05-06T23:22:42.572204" elapsed="0.212260"/>
</kw>
<kw name="I am able view the home page" owner="login_keywords">
<kw name="Get Location" owner="SeleniumLibrary">
<msg time="2025-05-06T23:22:42.797091" level="INFO">${location} = https://www.saucedemo.com/inventory.html</msg>
<var>${location}</var>
<doc>Returns the current browser window URL.</doc>
<status status="PASS" start="2025-05-06T23:22:42.788129" elapsed="0.009170"/>
</kw>
<kw name="Should Be Equal" owner="BuiltIn">
<arg>${location}</arg>
<arg>https://www.saucedemo.com/inventory.html</arg>
<doc>Fails if the given objects are unequal.</doc>
<status status="PASS" start="2025-05-06T23:22:42.797548" elapsed="0.000578"/>
</kw>
<status status="PASS" start="2025-05-06T23:22:42.787410" elapsed="0.011025"/>
</kw>
<status status="PASS" start="2025-05-06T23:22:41.693423" elapsed="1.105898"/>
</test>
<test id="s1-t2" name="Unsuccessful Login - No Credentials" line="18">
<kw name="I nagivate to the login page" owner="login_keywords">
<kw name="Go To" owner="SeleniumLibrary">
<msg time="2025-05-06T23:22:42.803492" level="INFO">Opening url 'https://www.saucedemo.com'</msg>
<arg>${URL}</arg>
<doc>Navigates the current browser window to the provided ``url``.</doc>
<status status="PASS" start="2025-05-06T23:22:42.803102" elapsed="0.097295"/>
</kw>
<arg>${URL}</arg>
<status status="PASS" start="2025-05-06T23:22:42.802051" elapsed="0.098629"/>
</kw>
<kw name="I input no credentials" owner="login_keywords">
<kw name="Wait Until Element Is Visible" owner="SeleniumLibrary">
<arg>id=user-name</arg>
<doc>Waits until the element ``locator`` is visible.</doc>
<status status="PASS" start="2025-05-06T23:22:42.901897" elapsed="0.017738"/>
</kw>
<status status="PASS" start="2025-05-06T23:22:42.901230" elapsed="0.018631"/>
</kw>
<kw name="I Click on the Login Button" owner="login_keywords">
<kw name="Click Button" owner="SeleniumLibrary">
<msg time="2025-05-06T23:22:42.921028" level="INFO">Clicking button 'id=login-button'.</msg>
<arg>id=login-button</arg>
<doc>Clicks the button identified by ``locator``.</doc>
<status status="PASS" start="2025-05-06T23:22:42.920731" elapsed="0.061675"/>
</kw>
<status status="PASS" start="2025-05-06T23:22:42.920279" elapsed="0.062360"/>
</kw>
<kw name="I am able to see the expected error message for no credentials" owner="login_keywords">
<kw name="Wait Until Element Contains" owner="SeleniumLibrary">
<arg>class=error-message-container</arg>
<arg>${ERROR_MESSAGES["noCredentials"]}</arg>
<doc>Waits until the element ``locator`` contains ``text``.</doc>
<status status="PASS" start="2025-05-06T23:22:42.984050" elapsed="0.023897"/>
</kw>
<status status="PASS" start="2025-05-06T23:22:42.983229" elapsed="0.024935"/>
</kw>
<status status="PASS" start="2025-05-06T23:22:42.801344" elapsed="0.207198"/>
</test>
<test id="s1-t3" name="Unsuccessful Login - No Username" line="25">
<kw name="I nagivate to the login page" owner="login_keywords">
<kw name="Go To" owner="SeleniumLibrary">
<msg time="2025-05-06T23:22:43.010177" level="INFO">Opening url 'https://www.saucedemo.com'</msg>
<arg>${URL}</arg>
<doc>Navigates the current browser window to the provided ``url``.</doc>
<status status="PASS" start="2025-05-06T23:22:43.009977" elapsed="0.041559"/>
</kw>
<arg>${URL}</arg>
<status status="PASS" start="2025-05-06T23:22:43.009641" elapsed="0.042134"/>
</kw>
<kw name="I input only the password" owner="login_keywords">
<kw name="Wait Until Element Is Visible" owner="SeleniumLibrary">
<arg>id=password</arg>
<doc>Waits until the element ``locator`` is visible.</doc>
<status status="PASS" start="2025-05-06T23:22:43.052875" elapsed="0.016531"/>
</kw>
<kw name="Input Text" owner="SeleniumLibrary">
<msg time="2025-05-06T23:22:43.070449" level="INFO">Typing text 'secret_sauce' into text field 'id=password'.</msg>
<arg>id=password</arg>
<arg>${LOGIN_DATA["correctData"]["password"]}</arg>
<doc>Types the given ``text`` into the text field identified by ``locator``.</doc>
<status status="PASS" start="2025-05-06T23:22:43.069749" elapsed="0.078544"/>
</kw>
<status status="PASS" start="2025-05-06T23:22:43.052290" elapsed="0.096231"/>
</kw>
<kw name="I Click on the Login Button" owner="login_keywords">
<kw name="Click Button" owner="SeleniumLibrary">
<msg time="2025-05-06T23:22:43.149717" level="INFO">Clicking button 'id=login-button'.</msg>
<arg>id=login-button</arg>
<doc>Clicks the button identified by ``locator``.</doc>
<status status="PASS" start="2025-05-06T23:22:43.149416" elapsed="0.050683"/>
</kw>
<status status="PASS" start="2025-05-06T23:22:43.149006" elapsed="0.051375"/>
</kw>
<kw name="I am able to see the expected error message for no username" owner="login_keywords">
<kw name="Wait Until Element Contains" owner="SeleniumLibrary">
<arg>class=error-message-container</arg>
<arg>${ERROR_MESSAGES["noUsername"]}</arg>
<doc>Waits until the element ``locator`` contains ``text``.</doc>
<status status="PASS" start="2025-05-06T23:22:43.201774" elapsed="0.016906"/>
</kw>
<status status="PASS" start="2025-05-06T23:22:43.201132" elapsed="0.017762"/>
</kw>
<status status="PASS" start="2025-05-06T23:22:43.009227" elapsed="0.210087"/>
</test>
<test id="s1-t4" name="Unsuccessful Login - No Password" line="31">
<kw name="I nagivate to the login page" owner="login_keywords">
<kw name="Go To" owner="SeleniumLibrary">
<msg time="2025-05-06T23:22:43.221422" level="INFO">Opening url 'https://www.saucedemo.com'</msg>
<arg>${URL}</arg>
<doc>Navigates the current browser window to the provided ``url``.</doc>
<status status="PASS" start="2025-05-06T23:22:43.220955" elapsed="0.038008"/>
</kw>
<arg>${URL}</arg>
<status status="PASS" start="2025-05-06T23:22:43.220602" elapsed="0.038678"/>
</kw>
<kw name="I input only the username" owner="login_keywords">
<kw name="Wait Until Element Is Visible" owner="SeleniumLibrary">
<arg>id=user-name</arg>
<doc>Waits until the element ``locator`` is visible.</doc>
<status status="PASS" start="2025-05-06T23:22:43.260424" elapsed="0.014114"/>
</kw>
<kw name="Input Text" owner="SeleniumLibrary">
<msg time="2025-05-06T23:22:43.275280" level="INFO">Typing text 'standard_user' into text field 'id=user-name'.</msg>
<arg>id=user-name</arg>
<arg>${LOGIN_DATA["correctData"]["username"]}</arg>
<doc>Types the given ``text`` into the text field identified by ``locator``.</doc>
<status status="PASS" start="2025-05-06T23:22:43.274777" elapsed="0.145600"/>
</kw>
<status status="PASS" start="2025-05-06T23:22:43.259911" elapsed="0.160715"/>
</kw>
<kw name="I Click on the Login Button" owner="login_keywords">
<kw name="Click Button" owner="SeleniumLibrary">
<msg time="2025-05-06T23:22:43.422078" level="INFO">Clicking button 'id=login-button'.</msg>
<arg>id=login-button</arg>
<doc>Clicks the button identified by ``locator``.</doc>
<status status="PASS" start="2025-05-06T23:22:43.421668" elapsed="0.101964"/>
</kw>
<status status="PASS" start="2025-05-06T23:22:43.421169" elapsed="0.102841"/>
</kw>
<kw name="I am able to see the expected error message for no password" owner="login_keywords">
<kw name="Wait Until Element Contains" owner="SeleniumLibrary">
<arg>class=error-message-container</arg>
<arg>${ERROR_MESSAGES["noPassword"]}</arg>
<doc>Waits until the element ``locator`` contains ``text``.</doc>
<status status="PASS" start="2025-05-06T23:22:43.525216" elapsed="0.033212"/>
</kw>
<status status="PASS" start="2025-05-06T23:22:43.524726" elapsed="0.033912"/>
</kw>
<status status="PASS" start="2025-05-06T23:22:43.220135" elapsed="0.338863"/>
</test>
<test id="s1-t5" name="Unsuccessful Login - Wrong Credentials" line="38">
<kw name="I nagivate to the login page" owner="login_keywords">
<kw name="Go To" owner="SeleniumLibrary">
<msg time="2025-05-06T23:22:43.561232" level="INFO">Opening url 'https://www.saucedemo.com'</msg>
<arg>${URL}</arg>
<doc>Navigates the current browser window to the provided ``url``.</doc>
<status status="PASS" start="2025-05-06T23:22:43.560902" elapsed="0.039199"/>
</kw>
<arg>${URL}</arg>
<status status="PASS" start="2025-05-06T23:22:43.560329" elapsed="0.040060"/>
</kw>
<kw name="I Input wrong Credentials" owner="login_keywords">
<kw name="Wait Until Element Is Visible" owner="SeleniumLibrary">
<arg>id=user-name</arg>
<doc>Waits until the element ``locator`` is visible.</doc>
<status status="PASS" start="2025-05-06T23:22:43.601526" elapsed="0.013973"/>
</kw>
<kw name="Input Text" owner="SeleniumLibrary">
<msg time="2025-05-06T23:22:43.616299" level="INFO">Typing text 'asdasdasd' into text field 'id=user-name'.</msg>
<arg>id=user-name</arg>
<arg>${LOGIN_DATA["wrongData"]["username"]}</arg>
<doc>Types the given ``text`` into the text field identified by ``locator``.</doc>
<status status="PASS" start="2025-05-06T23:22:43.615739" elapsed="0.067402"/>
</kw>
<kw name="Input Text" owner="SeleniumLibrary">
<msg time="2025-05-06T23:22:43.683956" level="INFO">Typing text 'asfdafff' into text field 'id=password'.</msg>
<arg>id=password</arg>
<arg>${LOGIN_DATA["wrongData"]["password"]}</arg>
<doc>Types the given ``text`` into the text field identified by ``locator``.</doc>
<status status="PASS" start="2025-05-06T23:22:43.683413" elapsed="0.069960"/>
</kw>
<status status="PASS" start="2025-05-06T23:22:43.601018" elapsed="0.152556"/>
</kw>
<kw name="I Click on the Login Button" owner="login_keywords">
<kw name="Click Button" owner="SeleniumLibrary">
<msg time="2025-05-06T23:22:43.754688" level="INFO">Clicking button 'id=login-button'.</msg>
<arg>id=login-button</arg>
<doc>Clicks the button identified by ``locator``.</doc>
<status status="PASS" start="2025-05-06T23:22:43.754442" elapsed="0.055891"/>
</kw>
<status status="PASS" start="2025-05-06T23:22:43.754100" elapsed="0.056439"/>
</kw>
<kw name="I am able to see the expected error message for wrong credentials" owner="login_keywords">
<kw name="Wait Until Element Contains" owner="SeleniumLibrary">
<arg>class=error-message-container</arg>
<arg>${ERROR_MESSAGES["wrongCredentials"]}</arg>
<doc>Waits until the element ``locator`` contains ``text``.</doc>
<status status="PASS" start="2025-05-06T23:22:43.811475" elapsed="0.013796"/>
</kw>
<status status="PASS" start="2025-05-06T23:22:43.811030" elapsed="0.014461"/>
</kw>
<status status="PASS" start="2025-05-06T23:22:43.559691" elapsed="0.266269"/>
</test>
<status status="PASS" start="2025-05-06T23:22:39.942624" elapsed="3.884276"/>
</suite>
<statistics>
<total>
<stat pass="5" fail="0" skip="0">All Tests</stat>
</total>
<tag>
</tag>
<suite>
<stat name="Login Steps" id="s1" pass="5" fail="0" skip="0">Login Steps</stat>
</suite>
</statistics>
<errors>
</errors>
</robot>
